<?xml version="1.0" encoding="UTF-8"?>
<!-- Generated by org.testng.reporters.JUnitXMLReporter -->
<testsuite hostname="HYD-KATTAVI-L" ignored="2" name="Default test" tests="3" failures="0" timestamp="23 Oct 2018 06:55:43 GMT" time="151.537" errors="0">
  <testcase name="searchFLights" time="28.255" classname="zenq.makemytrip.tests.MakeMyTripTests"/>
  <testcase name="verifyMaxOccupancyPerRoomBuildYourOwnPkgFunc" time="42.875" classname="zenq.makemytrip.tests.MakeMyTripTests"/>
  <testcase name="verifyMYBiZSignUpFuctionlity" time="26.182" classname="zenq.makemytrip.tests.MyBizTests"/>
  <testcase name="@BeforeSuite beforeSuite" time="0.0" classname="zenq.makemytrip.tests.Driver">
    <ignored/>
  </testcase> <!-- @BeforeSuite beforeSuite -->
  <testcase name="@BeforeSuite beforeSuite" time="0.0" classname="zenq.makemytrip.tests.Driver">
    <ignored/>
  </testcase> <!-- @BeforeSuite beforeSuite -->
</testsuite> <!-- Default test -->
