<?xml version="1.0" encoding="UTF-8"?>
<!-- Generated by org.testng.reporters.JUnitXMLReporter -->
<testsuite hostname="HYD-KATTAVI-L" ignored="0" name="Default test" tests="2" failures="0" timestamp="23 Oct 2018 18:01:32 GMT" time="80.561" errors="0">
  <testcase name="verifyMaxOccupancyPerRoomBuildYourOwnPkgFunc" time="34.365" classname="zenq.makemytrip.tests.MakeMyTripTests"/>
  <testcase name="verifySearchFLights" time="15.406" classname="zenq.makemytrip.tests.MakeMyTripTests"/>
</testsuite> <!-- Default test -->
