<?xml version="1.0" encoding="UTF-8"?>
<!-- Generated by org.testng.reporters.JUnitXMLReporter -->
<testsuite hostname="HYD-KATTAVI-L" ignored="1" name="Test" tests="3" failures="0" timestamp="23 Oct 2018 09:28:07 GMT" time="124.701" errors="0">
  <testcase name="verifyMYBiZSignUpFuctionlity" time="23.524" classname="zenq.makemytrip.tests.MyBizTests"/>
  <testcase name="verifyMaxOccupancyPerRoomBuildYourOwnPkgFunc" time="30.051" classname="zenq.makemytrip.tests.MakeMyTripTests"/>
  <testcase name="verifySearchFLights" time="20.834" classname="zenq.makemytrip.tests.MakeMyTripTests"/>
  <testcase name="@BeforeSuite beforeSuite" time="0.0" classname="zenq.makemytrip.tests.Driver">
    <ignored/>
  </testcase> <!-- @BeforeSuite beforeSuite -->
</testsuite> <!-- Test -->
