<?xml version="1.0" encoding="UTF-8"?>
<testsuite xmlns:xsi="http://www.w3.org/2001/XMLSchema-instance" xsi:noNamespaceSchemaLocation="https://maven.apache.org/surefire/maven-surefire-plugin/xsd/surefire-test-report.xsd" name="TestSuite" time="126.017" tests="3" errors="0" skipped="0" failures="0">
  <properties>
[...]
</properties>
  <testcase name="verifyMYBiZSignUpFuctionlity" classname="zenq.makemytrip.tests.MyBizTests" time="23.527"/>
  <testcase name="verifyMaxOccupancyPerRoomBuildYourOwnPkgFunc" classname="zenq.makemytrip.tests.MakeMyTripTests" time="30.051"/>
  <testcase name="verifySearchFLights" classname="zenq.makemytrip.tests.MakeMyTripTests" time="20.855"/>
</testsuite>