<?xml version="1.0" encoding="UTF-8"?>
<testng-results skipped="0" failed="0" ignored="0" total="2" passed="2">
  <reporter-output>
  </reporter-output>
  <suite name="Default suite" duration-ms="80561" started-at="2018-10-23T18:00:11Z" finished-at="2018-10-23T18:01:32Z">
    <groups>
    </groups>
    <test name="Default test" duration-ms="80561" started-at="2018-10-23T18:00:11Z" finished-at="2018-10-23T18:01:32Z">
      <class name="zenq.makemytrip.tests.MakeMyTripTests">
        <test-method status="PASS" signature="beforeSuite()[pri:0, instance:zenq.makemytrip.tests.MakeMyTripTests@5f2108b5]" name="beforeSuite" is-config="true" duration-ms="23" started-at="2018-10-23T18:00:11Z" finished-at="2018-10-23T18:00:11Z">
          <reporter-output>
          </reporter-output>
        </test-method> <!-- beforeSuite -->
        <test-method status="PASS" signature="beforeClass()[pri:0, instance:zenq.makemytrip.tests.MakeMyTripTests@5f2108b5]" name="beforeClass" is-config="true" duration-ms="1" started-at="2018-10-23T18:00:11Z" finished-at="2018-10-23T18:00:11Z">
          <reporter-output>
          </reporter-output>
        </test-method> <!-- beforeClass -->
        <test-method status="PASS" signature="beforeMethod()[pri:0, instance:zenq.makemytrip.tests.MakeMyTripTests@5f2108b5]" name="beforeMethod" is-config="true" duration-ms="12384" started-at="2018-10-23T18:00:11Z" finished-at="2018-10-23T18:00:23Z">
          <reporter-output>
          </reporter-output>
        </test-method> <!-- beforeMethod -->
        <test-method status="PASS" signature="verifyMaxOccupancyPerRoomBuildYourOwnPkgFunc()[pri:0, instance:zenq.makemytrip.tests.MakeMyTripTests@5f2108b5]" name="verifyMaxOccupancyPerRoomBuildYourOwnPkgFunc" duration-ms="34365" started-at="2018-10-23T18:00:23Z" finished-at="2018-10-23T18:00:58Z">
          <reporter-output>
          </reporter-output>
        </test-method> <!-- verifyMaxOccupancyPerRoomBuildYourOwnPkgFunc -->
        <test-method status="PASS" signature="afterMethod(org.testng.ITestResult)[pri:0, instance:zenq.makemytrip.tests.MakeMyTripTests@5f2108b5]" name="afterMethod" is-config="true" duration-ms="3499" started-at="2018-10-23T18:00:58Z" finished-at="2018-10-23T18:01:01Z">
          <params>
            <param index="0">
              <value>
                <![CDATA[[TestResult name=verifyMaxOccupancyPerRoomBuildYourOwnPkgFunc status=SUCCESS method=MakeMyTripTests.verifyMaxOccupancyPerRoomBuildYourOwnPkgFunc()[pri:0, instance:zenq.makemytrip.tests.MakeMyTripTests@5f2108b5] output={null}]]]>
              </value>
            </param>
          </params>
          <reporter-output>
          </reporter-output>
        </test-method> <!-- afterMethod -->
        <test-method status="PASS" signature="beforeMethod()[pri:0, instance:zenq.makemytrip.tests.MakeMyTripTests@5f2108b5]" name="beforeMethod" is-config="true" duration-ms="12465" started-at="2018-10-23T18:01:01Z" finished-at="2018-10-23T18:01:14Z">
          <reporter-output>
          </reporter-output>
        </test-method> <!-- beforeMethod -->
        <test-method status="PASS" signature="verifySearchFLights()[pri:0, instance:zenq.makemytrip.tests.MakeMyTripTests@5f2108b5]" name="verifySearchFLights" duration-ms="15406" started-at="2018-10-23T18:01:14Z" finished-at="2018-10-23T18:01:29Z">
          <reporter-output>
          </reporter-output>
        </test-method> <!-- verifySearchFLights -->
        <test-method status="PASS" signature="afterMethod(org.testng.ITestResult)[pri:0, instance:zenq.makemytrip.tests.MakeMyTripTests@5f2108b5]" name="afterMethod" is-config="true" duration-ms="2417" started-at="2018-10-23T18:01:29Z" finished-at="2018-10-23T18:01:32Z">
          <params>
            <param index="0">
              <value>
                <![CDATA[[TestResult name=verifySearchFLights status=SUCCESS method=MakeMyTripTests.verifySearchFLights()[pri:0, instance:zenq.makemytrip.tests.MakeMyTripTests@5f2108b5] output={null}]]]>
              </value>
            </param>
          </params>
          <reporter-output>
          </reporter-output>
        </test-method> <!-- afterMethod -->
      </class> <!-- zenq.makemytrip.tests.MakeMyTripTests -->
    </test> <!-- Default test -->
  </suite> <!-- Default suite -->
</testng-results>
