<?xml version="1.0" encoding="UTF-8"?>
<testng-results skipped="0" failed="0" ignored="2" total="5" passed="3">
  <reporter-output>
  </reporter-output>
  <suite name="Default suite" duration-ms="151537" started-at="2018-10-23T06:53:11Z" finished-at="2018-10-23T06:55:43Z">
    <groups>
    </groups>
    <test name="Default test" duration-ms="151537" started-at="2018-10-23T06:53:11Z" finished-at="2018-10-23T06:55:43Z">
      <class name="zenq.makemytrip.tests.Driver">
        <test-method status="PASS" signature="beforeSuite()[pri:0, instance:zenq.makemytrip.tests.Driver@1e397ed7]" name="beforeSuite" is-config="true" duration-ms="50" started-at="2018-10-23T06:53:11Z" finished-at="2018-10-23T06:53:11Z">
          <reporter-output>
          </reporter-output>
        </test-method> <!-- beforeSuite -->
      </class> <!-- zenq.makemytrip.tests.Driver -->
      <class name="zenq.makemytrip.tests.MakeMyTripTests">
        <test-method status="PASS" signature="beforeClass()[pri:0, instance:zenq.makemytrip.tests.MakeMyTripTests@490ab905]" name="beforeClass" is-config="true" duration-ms="0" started-at="2018-10-23T06:53:11Z" finished-at="2018-10-23T06:53:11Z">
          <reporter-output>
          </reporter-output>
        </test-method> <!-- beforeClass -->
        <test-method status="PASS" signature="beforeMethod()[pri:0, instance:zenq.makemytrip.tests.MakeMyTripTests@490ab905]" name="beforeMethod" is-config="true" duration-ms="15484" started-at="2018-10-23T06:53:11Z" finished-at="2018-10-23T06:53:27Z">
          <reporter-output>
          </reporter-output>
        </test-method> <!-- beforeMethod -->
        <test-method status="PASS" signature="searchFLights()[pri:0, instance:zenq.makemytrip.tests.MakeMyTripTests@490ab905]" name="searchFLights" duration-ms="28255" started-at="2018-10-23T06:53:27Z" finished-at="2018-10-23T06:53:55Z">
          <reporter-output>
          </reporter-output>
        </test-method> <!-- searchFLights -->
        <test-method status="PASS" signature="afterMethod(org.testng.ITestResult)[pri:0, instance:zenq.makemytrip.tests.MakeMyTripTests@490ab905]" name="afterMethod" is-config="true" duration-ms="3260" started-at="2018-10-23T06:53:55Z" finished-at="2018-10-23T06:53:58Z">
          <params>
            <param index="0">
              <value>
                <![CDATA[[TestResult name=searchFLights status=SUCCESS method=MakeMyTripTests.searchFLights()[pri:0, instance:zenq.makemytrip.tests.MakeMyTripTests@490ab905] output={null}]]]>
              </value>
            </param>
          </params>
          <reporter-output>
          </reporter-output>
        </test-method> <!-- afterMethod -->
        <test-method status="PASS" signature="beforeMethod()[pri:0, instance:zenq.makemytrip.tests.MakeMyTripTests@490ab905]" name="beforeMethod" is-config="true" duration-ms="14570" started-at="2018-10-23T06:53:58Z" finished-at="2018-10-23T06:54:13Z">
          <reporter-output>
          </reporter-output>
        </test-method> <!-- beforeMethod -->
        <test-method status="PASS" signature="verifyMaxOccupancyPerRoomBuildYourOwnPkgFunc()[pri:0, instance:zenq.makemytrip.tests.MakeMyTripTests@490ab905]" name="verifyMaxOccupancyPerRoomBuildYourOwnPkgFunc" duration-ms="42875" started-at="2018-10-23T06:54:13Z" finished-at="2018-10-23T06:54:56Z">
          <reporter-output>
          </reporter-output>
        </test-method> <!-- verifyMaxOccupancyPerRoomBuildYourOwnPkgFunc -->
        <test-method status="PASS" signature="afterMethod(org.testng.ITestResult)[pri:0, instance:zenq.makemytrip.tests.MakeMyTripTests@490ab905]" name="afterMethod" is-config="true" duration-ms="3935" started-at="2018-10-23T06:54:56Z" finished-at="2018-10-23T06:55:00Z">
          <params>
            <param index="0">
              <value>
                <![CDATA[[TestResult name=verifyMaxOccupancyPerRoomBuildYourOwnPkgFunc status=SUCCESS method=MakeMyTripTests.verifyMaxOccupancyPerRoomBuildYourOwnPkgFunc()[pri:0, instance:zenq.makemytrip.tests.MakeMyTripTests@490ab905] output={null}]]]>
              </value>
            </param>
          </params>
          <reporter-output>
          </reporter-output>
        </test-method> <!-- afterMethod -->
      </class> <!-- zenq.makemytrip.tests.MakeMyTripTests -->
      <class name="zenq.makemytrip.tests.MyBizTests">
        <test-method status="PASS" signature="beforeMethod()[pri:0, instance:zenq.makemytrip.tests.MyBizTests@56ac3a89]" name="beforeMethod" is-config="true" duration-ms="13571" started-at="2018-10-23T06:55:00Z" finished-at="2018-10-23T06:55:13Z">
          <reporter-output>
          </reporter-output>
        </test-method> <!-- beforeMethod -->
        <test-method status="PASS" signature="verifyMYBiZSignUpFuctionlity()[pri:0, instance:zenq.makemytrip.tests.MyBizTests@56ac3a89]" name="verifyMYBiZSignUpFuctionlity" duration-ms="26182" started-at="2018-10-23T06:55:13Z" finished-at="2018-10-23T06:55:39Z">
          <reporter-output>
          </reporter-output>
        </test-method> <!-- verifyMYBiZSignUpFuctionlity -->
        <test-method status="PASS" signature="afterMethod(org.testng.ITestResult)[pri:0, instance:zenq.makemytrip.tests.MyBizTests@56ac3a89]" name="afterMethod" is-config="true" duration-ms="3356" started-at="2018-10-23T06:55:39Z" finished-at="2018-10-23T06:55:43Z">
          <params>
            <param index="0">
              <value>
                <![CDATA[[TestResult name=verifyMYBiZSignUpFuctionlity status=SUCCESS method=MyBizTests.verifyMYBiZSignUpFuctionlity()[pri:0, instance:zenq.makemytrip.tests.MyBizTests@56ac3a89] output={null}]]]>
              </value>
            </param>
          </params>
          <reporter-output>
          </reporter-output>
        </test-method> <!-- afterMethod -->
      </class> <!-- zenq.makemytrip.tests.MyBizTests -->
    </test> <!-- Default test -->
  </suite> <!-- Default suite -->
</testng-results>
